2023-09-19 22:06:08: The page "ä¸­å›½ä¸¾é‡é˜Ÿè°¢å¹•æ¼”å‡º" was missing in the wiki (probably deleted)
2023-09-19 22:06:08: The page "ä¸­å›½ä½“è‚²ç•Œç›¼ä¿é™©è§£åŽé¡¾ä¹‹å¿§" was missing in the wiki (probably deleted)
2023-09-19 22:06:09: The page "ä¸­å›½å¥³å­æ²™æ»©æŽ’çƒé”å®šå¥¥è¿ä¼šé“¶ç‰Œ" was missing in the wiki (probably deleted)
2023-09-19 22:06:09: The page "ä¸­å›½å¥³æŽ’åŠ›å…‹å¤å·´æ‘˜é“œç‰Œ" was missing in the wiki (probably deleted)
2023-09-19 22:06:10: The page "ä¸­å›½ç”·æŽ’é™©èƒœæ—¥æœ¬" was missing in the wiki (probably deleted)
2023-09-19 22:06:11: The page "ä¸­å›½ç»™ä¸–ç•ŒæƒŠå–œ" was missing in the wiki (probably deleted)
2023-09-19 22:06:11: The page "ä¸¾é‡åŒä¿é™©æœ‰æƒŠæ— é™©" was missing in the wiki (probably deleted)
2023-09-19 22:06:12: The page "ä¹’ä¹“èµ›åœºä¸‰é¢ä¸­å›½å›½æ——åŒæ—¶å‡èµ·" was missing in the wiki (probably deleted)
2023-09-19 22:06:12: The page "ä»Šæ—¥åœç‰Œå…¬å‘Š" was missing in the wiki (probably deleted)
2023-09-19 22:06:13: The page "ä¼Šæœ—ç­¾è¯åŠžç†èµžåŠ©å•†ç´§æ€¥åº”å¯¹åŠ›æŒºåˆ˜ç¿”" was missing in the wiki (probably deleted)
2023-09-19 22:06:13: The page "ä¼å®‰ç‰¹æ€§æµ‹è¯•ä»ª--ç›´æµç”µé˜»æµ‹è¯•ä»ª" was missing in the wiki (probably deleted)
2023-09-19 22:06:14: The page "ä½Ÿæ–‡ä¸€æœ¬ä¸¢ç¿»å«å†•å† å†›" was missing in the wiki (probably deleted)
2023-09-19 22:06:14: The page "å…»æ®–æŠ€æœ¯-å…‰ç›˜-å†œä¸šæŠ€æœ¯" was missing in the wiki (probably deleted)
2023-09-19 22:06:15: The page "åˆ˜é¹è¯„ç‚¹ä¸­å›½å†›å›¢åŒ—äº¬å¥¥è¿ä¼š" was missing in the wiki (probably deleted)
2023-09-19 22:06:15: The page "åŠ æ‹¿å¤§ç ”ç©¶æ‰€---åŠ æ‹¿å¤§ä¸­å­¸" was missing in the wiki (probably deleted)
2023-09-19 22:06:16: The page "åŒ—äº¬å¥¥è¿ç”·å­110ç±³æ é¦–è½®" was missing in the wiki (probably deleted)
2023-09-19 22:06:17: The page "åŒ—äº¬æš‚æ— çªå‘å…¬å…±å«ç”Ÿäº‹ä»¶æŠ¥å‘Š" was missing in the wiki (probably deleted)
2023-09-19 22:06:17: The page "åŒ—äº¬æ¬¢ä¹è°·--åŒ—äº¬æ¬¢ä¹è°·" was missing in the wiki (probably deleted)
2023-09-19 22:06:18: The page "åŒ—äº¬ç‰¹ä»·é…’åº—--åŒ—äº¬ç»æµŽåž‹é…’åº—" was missing in the wiki (probably deleted)
2023-09-19 22:06:18: The page "å«æ˜Ÿå¤©çº¿å®‰è£…--åŒ—äº¬å«æ˜Ÿå¤©çº¿å®‰è£…" was missing in the wiki (probably deleted)
2023-09-19 22:06:19: The page "å‹è°Šç››ä¼š çŽ¯çƒæƒŠå¹" was missing in the wiki (probably deleted)
2023-09-19 22:06:19: The page "åˆå·ç§¦æ•å¬æ°‘å£°Lè§£æ°‘å›°Lé‡Šæ°‘æ€¨" was missing in the wiki (probably deleted)
2023-09-19 22:06:20: The page "å‘¼å«ä¸­å¿ƒ-- å‘¼å«ä¸­å¿ƒç³»ç»Ÿ" was missing in the wiki (probably deleted)
2023-09-19 22:06:20: The page "å¤å°æœºç§Ÿèµ" was missing in the wiki (probably deleted)
2023-09-19 22:06:21: The page "å¤–è´¸æœè£…æ‰¹å‘---æœè£…æ‰¹å‘" was missing in the wiki (probably deleted)
2023-09-19 22:06:21: The page "å¥¥å·´é©¬æ˜¯æˆ‘çš„å€™é€‰äºº" was missing in the wiki (probably deleted)
2023-09-19 22:06:22: The page "å¥¥è¿äº¤é€šç®¡åˆ¶æŽªæ–½ä¸å®œæ°¸ä¹…åŒ–" was missing in the wiki (probably deleted)
2023-09-19 22:06:23: The page "å¥¥è¿é—­å¹•å¼ç«Ÿæ¥è‡ªçº¸ä¸Šè°ˆå…µ" was missing in the wiki (probably deleted)
2023-09-19 22:06:23: The page "å©šçº±---åŒ—äº¬å©šçº±" was missing in the wiki (probably deleted)
2023-09-19 22:06:24: The page "å­™æµ·å¹³è§£ç­”åˆ˜ç¿”ä¸ºä½•é€€å‡ºæ¯”èµ›" was missing in the wiki (probably deleted)
2023-09-19 22:06:24: The page "å®‰æ£€é—¨--æ‰‹æŒå¼é‡‘å±žæŽ¢æµ‹å™¨" was missing in the wiki (probably deleted)
2023-09-19 22:06:25: The page "å®‰è£…å«æ˜Ÿç”µè§†--åŒ—äº¬å«æ˜Ÿå¤©çº¿å®‰è£…" was missing in the wiki (probably deleted)
2023-09-19 22:06:25: The page "å·¥ä¸šç»æµŽå¼ºåŠ¿çªç ´" was missing in the wiki (probably deleted)
2023-09-19 22:06:26: The page "å¼ å¨Ÿå¨Ÿé¶åœºæ‰¬å¨" was missing in the wiki (probably deleted)
2023-09-19 22:06:26: The page "å¼ å°å¹³èŽ·èƒœå¤ºä¸­å›½ç¬¬51é‡‘" was missing in the wiki (probably deleted)
2023-09-19 22:06:27: The page "å¼ æ¹˜ç¥¥åŒ—äº¬å¥¥è¿ä¼šåŽå°†é€€å½¹" was missing in the wiki (probably deleted)
2023-09-19 22:06:27: The page "æ‰‹æŒå¼é‡‘å±žæŽ¢æµ‹å™¨--å®‰æ£€é—¨" was missing in the wiki (probably deleted)
2023-09-19 22:06:28: The page "æ‰‹æŸ„---æ‹‰æ‰‹--æ‰‹æŸ„" was missing in the wiki (probably deleted)
2023-09-19 22:06:29: The page "æ‹‰æ‰‹--æ‰‹æŸ„" was missing in the wiki (probably deleted)
2023-09-19 22:06:29: The page "æŒ‡çº¹è€ƒå‹¤æœº---é—¨ç¦" was missing in the wiki (probably deleted)
2023-09-19 22:06:30: The page "æ›¾é“äººç™½å°å§å†…å¹•çŽ„æœº" was missing in the wiki (probably deleted)
2023-09-19 22:06:30: The page "æ ¼é²å‰äºšæ”¿åºœ9æ—¥ç–æ•£æ€»ç»Ÿåºœ" was missing in the wiki (probably deleted)
2023-09-19 22:06:31: The page "æ¢…æ·é«˜æ¸…å…¨æŽ¥å£MCP78å¤§æ¿ä»…å”®499å…ƒ" was missing in the wiki (probably deleted)
2023-09-19 22:06:31: The page "æ³¡æ²«æžª--æ¶ˆé˜²ç®±" was missing in the wiki (probably deleted)
2023-09-19 22:06:32: The page "æµé‡ä»ªè¡¨åœ¨å›½æ°‘ç»æµŽä¸­æœ‰ç€é‡è¦çš„åœ°ä½" was missing in the wiki (probably deleted)
2023-09-19 22:06:32: The page "çŽ»ç’ƒ----è´´è†œ" was missing in the wiki (probably deleted)
2023-09-19 22:06:33: The page "ç”˜è‚ƒé™‡å—æ‹ŸæŠ•èµ„52äº¿å»º2000å¤šæ‰€éœ‡ä¸åž®å­¦æ ¡" was missing in the wiki (probably deleted)
2023-09-19 22:06:33: The page "ç”·ç¯®èŽ·å°ç»„èµ›é¦–èƒœ" was missing in the wiki (probably deleted)
2023-09-19 22:06:34: The page "ç–±ç–¹--æ€§ç—…--ç”Ÿæ®–å™¨ç–±ç–¹" was missing in the wiki (probably deleted)
2023-09-19 22:06:35: The page "çœå†œæ‘ä¿¡ç”¨ç¤¾å…¬ç¤º127åè¡¥å½•äººé€‰" was missing in the wiki (probably deleted)
2023-09-19 22:06:35: The page "çœ‹è¿‡çš„æœ€å¥½çš„ä¸€å±Šå¥¥è¿ä¼š" was missing in the wiki (probably deleted)
2023-09-19 22:06:36: The page "ç¦»å¿ƒæœº--ç¦»å¿ƒæœº" was missing in the wiki (probably deleted)
2023-09-19 22:06:36: The page "ç²¤å®‰å…¨ç”Ÿäº§ç™¾æ—¥è¡Œæ•ˆ" was missing in the wiki (probably deleted)
2023-09-19 22:06:37: The page "ç»´æƒç½‘---ç»´æƒç½‘" was missing in the wiki (probably deleted)
2023-09-19 22:06:37: The page "ç¾Žå›½æ··åˆæ³³æŽ¥åŠ›ç ´ä¸–ç•Œçºªå½•" was missing in the wiki (probably deleted)
2023-09-19 22:06:38: The page "ç¿»è¯‘--åŒ—äº¬ç¿»è¯‘å…¬å¸" was missing in the wiki (probably deleted)
2023-09-19 22:06:39: The page "èšåˆæ°¯åŒ–é“--èšåˆæ°¯åŒ–é“--èšåˆæ°¯åŒ–é“" was missing in the wiki (probably deleted)
2023-09-19 22:06:39: The page "è‹±å›½å¥¥è¿å¥å„¿å½’å›½å—åˆ°è´µå®¾å¼è¿ŽæŽ¥" was missing in the wiki (probably deleted)
2023-09-19 22:06:40: The page "è‹±è¯­å£è¯­-ç”µè¯è‹±è¯­" was missing in the wiki (probably deleted)
2023-09-19 22:06:40: The page "è®¤ä¸ºå¸¦è–ªä¼‘å‡å®žæ–½å›°éš¾" was missing in the wiki (probably deleted)
2023-09-19 22:06:41: The page "è°·æ°¨é…¸--è°·æ°¨é…¸--è°·æ°¨é…¸" was missing in the wiki (probably deleted)
2023-09-19 22:06:41: The page "èµ·å--èµ·åç½‘--å–å" was missing in the wiki (probably deleted)
2023-09-19 22:06:42: The page "éƒŽå¹³æ¼”ç»Žç¾Žå›½ç¥žè¯" was missing in the wiki (probably deleted)
2023-09-19 22:06:42: The page "é™ˆä¸€å†°å†å±•åŠçŽ¯å¼ºå›½é£Žé‡‡" was missing in the wiki (probably deleted)
2023-09-19 22:06:43: The page "é™ˆæ¥ ç‹‚ç 26åˆ†17ç¯®æ¿" was missing in the wiki (probably deleted)
2023-09-19 22:06:43: The page "é¦†èˆç§ŸèµåˆåŒ" was missing in the wiki (probably deleted)
2023-09-19 22:06:44: The page "é¦™æ¸¯å…¬å¸--æ³¨å†Œé¦™æ¸¯å…¬å¸" was missing in the wiki (probably deleted)
2023-09-19 22:06:45: The page "é¦™æ¸¯å…­åˆå½©61176.com" was missing in the wiki (probably deleted)
2023-09-19 22:06:45: The page "é¦™æ¸¯å…­åˆå½©www.188558.com" was missing in the wiki (probably deleted)
2023-09-19 22:06:46: The page "é¦™æ¸¯å…­åˆå½©ä¿¡æ¯" was missing in the wiki (probably deleted)
2023-09-19 22:06:46: The page "é¦™æ¸¯å…­åˆå½©å›¾åº“å…­åˆå½©å…¬å¸é¦™æ¸¯èµ›é©¬ä¼šæ€»å…¬å¸" was missing in the wiki (probably deleted)
2023-09-19 22:06:47: The page "é¦™æ¸¯å…­åˆå½©å¼€å¥–è®°å½•" was missing in the wiki (probably deleted)
2023-09-19 22:06:47: The page "é¦™æ¸¯å…­åˆå½©æ›¾é“äºº" was missing in the wiki (probably deleted)
2023-09-19 22:06:48: The page "é¦™æ¸¯å…­åˆå½©æ›¾é“äººå…¬å¼€ä¸€ç www.pigring.com" was missing in the wiki (probably deleted)
2023-09-19 22:06:48: The page "é¦™æ¸¯å…­åˆå½©æ›¾é“äººç™½å°å§pigring.com" was missing in the wiki (probably deleted)
2023-09-19 22:06:49: The page "é¦™æ¸¯å…­åˆå½©æ›¾é“äººç™½å°å§å¤©çº¿å®å®188558.com" was missing in the wiki (probably deleted)
2023-09-19 22:06:50: The page "é¦™æ¸¯å…­åˆå½©æ›¾é“äººç™½å°å§è„‘ç­‹æ€¥è½¬å¼¯å…¬å¼€ä¸€è‚–ä¸­ç‰¹åŠ©å½©æ°‘" was missing in the wiki (probably deleted)
2023-09-19 22:06:50: The page "é¦™æ¸¯å…­åˆå½©ç‰¹ç èµ„æ–™ä¸­å¿ƒ" was missing in the wiki (probably deleted)
2023-09-19 22:06:51: The page "é¦™æ¸¯å…­åˆå½©è®ºå›" was missing in the wiki (probably deleted)
2023-09-19 22:06:51: The page "é¹¦é¹‰é€¼è¿‘æ¾³é—¨æŒ‚3å·é£Žçƒ" was missing in the wiki (probably deleted)
